<?xml version="1.0" encoding="UTF-8"?>
<!-- Generated by org.testng.reporters.JUnitXMLReporter -->
<testsuite ignored="1" hostname="FVFGX1Z4Q6LR.local" failures="1" tests="1" name="Regression Test" time="3.843" errors="0" timestamp="2025-03-17T18:23:22 ICT">
  <testcase classname="scripts.cinemaBookingFromHomeToolTest" name="verifyBookingByHomeTool" time="0.382">
    <failure type="java.lang.AssertionError" message="expected [Moana 2] but found [Đăng nhập thành công]">
      <![CDATA[java.lang.AssertionError: expected [Moana 2] but found [Đăng nhập thành công]
at pages.HomePage.verifyMovieIsMoana2(HomePage.java:32)
at scripts.cinemaBookingFromHomeToolTest.verifyBookingByHomeTool(cinemaBookingFromHomeToolTest.java:37)
at java.base/java.util.ArrayList.forEach(ArrayList.java:1511)
... Removed 35 stack frames]]>
    </failure>
  </testcase> <!-- verifyBookingByHomeTool -->
  <testcase classname="scripts.cinemaBookingFromHomeToolTest" name="verifyLoginWithInvalidPassword" time="0.0">
    <ignored/>
  </testcase> <!-- verifyLoginWithInvalidPassword -->
</testsuite> <!-- Regression Test -->
